<?xml version="1.0" encoding="UTF-8"?>
<!-- Generated by org.testng.reporters.JUnitReportReporter -->
<testsuite hostname="DESKTOP-EVK9GMC" failures="0" tests="1" name="com.Skillrary.Testscripts.Addthecoursecart" time="20.672" errors="0" timestamp="10 Feb 2021 10:20:38 GMT" skipped="0">
  <testcase classname="com.Skillrary.Testscripts.Addthecoursecart" name="addtocart" time="20.672"/>
</testsuite> <!-- com.Skillrary.Testscripts.Addthecoursecart -->
